<?xml version='1.0' encoding='UTF-8'?>
<testsuite hostname="marco-work" name="TokenizerTest" tests="1" errors="0" failures="1" skipped="0" time="0.1" timestamp="2024-05-10T17:13:35">
          <properties>
      <property name="awt.toolkit" value="sun.awt.X11.XToolkit"/><property name="java.specification.version" value="11"/><property name="sun.cpu.isalist" value=""/><property name="sun.jnu.encoding" value="UTF-8"/><property name="sun.arch.data.model" value="64"/><property name="java.vendor.url" value="https://ubuntu.com/"/><property name="sun.boot.library.path" value="/usr/lib/jvm/java-11-openjdk-amd64/lib"/><property name="sun.java.command" value="/home/mvitangeli/.cache/coursier/arc/https/github.com/sbt/sbt/releases/download/v1.9.7/sbt-1.9.7.zip/sbt/bin/sbt-launch.jar test"/><property name="jdk.debug" value="release"/><property name="java.specification.vendor" value="Oracle Corporation"/><property name="java.version.date" value="2024-01-16"/><property name="java.home" value="/usr/lib/jvm/java-11-openjdk-amd64"/><property name="file.separator" value="/"/><property name="java.vm.compressedOopsMode" value="32-bit"/><property name="line.separator" value="
"/><property name="java.specification.name" value="Java Platform API Specification"/><property name="java.vm.specification.vendor" value="Oracle Corporation"/><property name="sun.management.compiler" value="HotSpot 64-Bit Tiered Compilers"/><property name="java.runtime.version" value="11.0.22+7-post-Ubuntu-0ubuntu222.04.1"/><property name="user.name" value="mvitangeli"/><property name="log4j.ignoreTCL" value="true"/><property name="file.encoding" value="UTF-8"/><property name="jnidispatch.path" value="/home/mvitangeli/.cache/JNA/temp/jna4239640330929980350.tmp"/><property name="jna.loaded" value="true"/><property name="java.io.tmpdir" value="/tmp"/><property name="java.version" value="11.0.22"/><property name="java.vm.specification.name" value="Java Virtual Machine Specification"/><property name="java.awt.printerjob" value="sun.print.PSPrinterJob"/><property name="sun.os.patch.level" value="unknown"/><property name="java.library.path" value="/home/mvitangeli/.gvm/pkgsets/go1.22/global/overlay/lib:/usr/java/packages/lib:/usr/lib/x86_64-linux-gnu/jni:/lib/x86_64-linux-gnu:/usr/lib/x86_64-linux-gnu:/usr/lib/jni:/lib:/usr/lib"/><property name="java.vendor" value="Ubuntu"/><property name="java.specification.maintenance.version" value="2"/><property name="scala.ext.dirs" value="/home/mvitangeli/.sbt/1.0/java9-rt-ext-ubuntu_11_0_22"/><property name="sun.io.unicode.encoding" value="UnicodeLittle"/><property name="java.class.path" value="/home/mvitangeli/.cache/coursier/arc/https/github.com/sbt/sbt/releases/download/v1.9.7/sbt-1.9.7.zip/sbt/bin/sbt-launch.jar"/><property name="java.vm.vendor" value="Ubuntu"/><property name="jline.shutdownhook" value="false"/><property name="user.timezone" value="America/Buenos_Aires"/><property name="os.name" value="Linux"/><property name="java.vm.specification.version" value="11"/><property name="sun.java.launcher" value="SUN_STANDARD"/><property name="sun.cpu.endian" value="little"/><property name="user.home" value="/home/mvitangeli"/><property name="user.language" value="en"/><property name="sbt.script" value="/home/mvitangeli/.cache/coursier/arc/https/github.com/sbt/sbt/releases/download/v1.9.7/sbt-1.9.7.zip/sbt/bin/sbt"/><property name="sbt.ipcsocket.tmpdir" value="/run/user/1000/.sbt7f20d389/ipcsocket"/><property name="swoval.tmpdir" value="/run/user/1000/.sbt7f20d389/swoval"/><property name="java.awt.graphicsenv" value="sun.awt.X11GraphicsEnvironment"/><property name="jline.esc.timeout" value="0"/><property name="path.separator" value=":"/><property name="os.version" value="5.15.146.1-microsoft-standard-WSL2"/><property name="jna.nosys" value="true"/><property name="java.runtime.name" value="OpenJDK Runtime Environment"/><property name="java.vm.name" value="OpenJDK 64-Bit Server VM"/><property name="jna.platform.library.path" value="/usr/lib/x86_64-linux-gnu:/lib/x86_64-linux-gnu:/usr/lib64:/lib64:/usr/lib:/lib:/lib32:/usr/lib/x86_64-linux-gnu/libfakeroot:/usr/lib/wsl/lib"/><property name="java.vendor.url.bug" value="https://bugs.launchpad.net/ubuntu/+source/openjdk-lts"/><property name="user.dir" value="/home/mvitangeli/boolalg"/><property name="os.arch" value="amd64"/><property name="java.vm.info" value="mixed mode, sharing"/><property name="java.vm.version" value="11.0.22+7-post-Ubuntu-0ubuntu222.04.1"/><property name="java.class.version" value="55.0"/>
    </properties>
          <testcase classname="TokenizerTest" name="test valid tokens" time="0.1">
                      <failure message="/home/mvitangeli/boolalg/src/test/scala/MySuite.scala:4 assertion failed
3:      SimpleParser.parse(&quot;p v q v ~r&quot;, Map[String, Boolean]())
[7m4:      assert(2 &lt; 1)[0m
5:  }" type="munit.FailException">munit.FailException: /home/mvitangeli/boolalg/src/test/scala/MySuite.scala:4 assertion failed
3:      SimpleParser.parse(&quot;p v q v ~r&quot;, Map[String, Boolean]())
[7m4:      assert(2 &lt; 1)[0m
5:  }
	at munit.FunSuite.assert(FunSuite.scala:11)
	at TokenizerTest.$init$$$anonfun$1(MySuite.scala:4)
</failure>
                    </testcase>
          <system-out><![CDATA[]]></system-out>
          <system-err><![CDATA[]]></system-err>
        </testsuite>